<?xml version="1.0" encoding="UTF-8"?>
<testng-results skipped="0" failed="0" ignored="0" total="1" passed="1">
  <reporter-output>
  </reporter-output>
  <suite name="Default suite" duration-ms="89" started-at="2022-03-10T10:42:24Z" finished-at="2022-03-10T10:42:24Z">
    <groups>
    </groups>
    <test name="Default test" duration-ms="89" started-at="2022-03-10T10:42:24Z" finished-at="2022-03-10T10:42:24Z">
      <class name="GitDemo.GitTest">
        <test-method status="PASS" signature="gitTest()[pri:0, instance:GitDemo.GitTest@4f933fd1]" name="gitTest" duration-ms="20" started-at="2022-03-10T10:42:24Z" finished-at="2022-03-10T10:42:24Z">
          <reporter-output>
          </reporter-output>
        </test-method> <!-- gitTest -->
      </class> <!-- GitDemo.GitTest -->
    </test> <!-- Default test -->
  </suite> <!-- Default suite -->
</testng-results>
